2025-01-03 14:18:04,985 - INFO - Starting bank CSV processing. Log file: /workspace/logs/bank_processing_20250103_141804.log
2025-01-03 14:18:04,985 - INFO - Directories verified - Input: /workspace/data/csv/bank, Output: /workspace/data/processed
2025-01-03 14:18:04,986 - INFO - Found 1 CSV files to process
2025-01-03 14:18:04,986 - INFO - Processing file: 三井住友銀行_2024-02-19.csv
2025-01-03 14:18:04,986 - INFO - Attempting to read file: /workspace/data/csv/bank/三井住友銀行_2024-02-19.csv
2025-01-03 14:18:04,988 - INFO - Starting validation with 21 records
2025-01-03 14:18:04,991 - INFO - After validation: 21 valid records (removed 0 records)
2025-01-03 14:18:04,992 - INFO - Data types before saving: transaction_date    object
withdrawal           Int64
deposit              Int64
description         object
balance              Int64
memo                object
label               object
transaction_type    object
counter_party       object
transaction_code    object
dtype: object
2025-01-03 14:18:04,994 - INFO - Sample data before saving:
  transaction_date  withdrawal  deposit     description  balance  memo label transaction_type counter_party transaction_code
0       2024-02-19        <NA>        2          普通預金利息   553085  None  None             None          None             None
1       2024-02-15        <NA>   300000       カード　(425)   553083  None  None             None          None             None
2       2024-02-13        2847     <NA>  ﾐﾂｲｽﾐﾄﾓｶ-ﾄﾞ (ｶ   253083  None  None             None          None             None
3       2024-02-08        5000     <NA>          ﾍﾟｲﾍﾟｲ   255930  None  None             None          None             None
4       2024-02-06       65000     <NA>      DF.AUｼﾞﾌﾞﾝ   260930  None  None             None          None             None
2025-01-03 14:18:04,995 - INFO - Successfully processed and saved: /workspace/data/processed/processed_三井住友銀行_2024-02-19.csv
2025-01-03 14:18:04,996 - INFO - Data types after reading saved file: transaction_date     object
withdrawal          float64
deposit             float64
description          object
balance               int64
memo                float64
label               float64
transaction_type    float64
counter_party       float64
transaction_code    float64
dtype: object
2025-01-03 14:18:04,998 - INFO - Sample data after reading saved file:
  transaction_date  withdrawal   deposit     description  balance  memo  label  transaction_type  counter_party  transaction_code
0       2024-02-19         NaN       2.0          普通預金利息   553085   NaN    NaN               NaN            NaN               NaN
1       2024-02-15         NaN  300000.0       カード　(425)   553083   NaN    NaN               NaN            NaN               NaN
2       2024-02-13      2847.0       NaN  ﾐﾂｲｽﾐﾄﾓｶ-ﾄﾞ (ｶ   253083   NaN    NaN               NaN            NaN               NaN
3       2024-02-08      5000.0       NaN          ﾍﾟｲﾍﾟｲ   255930   NaN    NaN               NaN            NaN               NaN
4       2024-02-06     65000.0       NaN      DF.AUｼﾞﾌﾞﾝ   260930   NaN    NaN               NaN            NaN               NaN
2025-01-03 14:18:04,998 - INFO - Bank CSV processing completed successfully
