2025-01-03 12:07:57,628 - INFO - Starting CSV conversion process. Log file: /workspace/logs/card_processing_20250103_120757.log
2025-01-03 12:07:57,628 - INFO - Directories verified - Input: /workspace/data/csv/card, Output: /workspace/data/processed
2025-01-03 12:07:57,629 - INFO - Found 2 CSV files to process
2025-01-03 12:07:57,629 - INFO - Processing file: Vpass_2024-01.csv
2025-01-03 12:07:57,630 - INFO - Reading file: Vpass_2024-01.csv
2025-01-03 12:07:57,632 - INFO - Starting validation with 83 records
2025-01-03 12:07:57,640 - INFO - After basic validation: 79 records (removed 4 records)
2025-01-03 12:07:57,642 - INFO - 
=== Found 4 duplicate records ===
2025-01-03 12:07:57,643 - INFO - Found duplicates: 2024-01-11, Amount: 7480
2025-01-03 12:07:57,643 - INFO - Found duplicates: 2024-01-27, Amount: 4300
2025-01-03 12:07:57,646 - INFO - Keeping all duplicates for special condition: コナミスポーツクラブ（会費）
2025-01-03 12:07:57,646 - INFO - Keeping all duplicates for special condition: コナミスポーツクラブ（会費）
2025-01-03 12:07:57,649 - INFO - Removing duplicate: 2024-01-27 - ＡＰＰＬＥ　ＣＯＭ　ＢＩＬＬ
2025-01-03 12:07:57,655 - INFO - Saved 1 removed records to /workspace/data/processed/removed_duplicates.csv
2025-01-03 12:07:57,655 - INFO - Duplicate processing completed: 78 records remaining
2025-01-03 12:07:57,655 - INFO - Cleaned data shape: (78, 7)
2025-01-03 12:07:57,656 - INFO - Successfully processed and saved: /workspace/data/processed/processed_Vpass_2024-01.csv
2025-01-03 12:07:57,656 - INFO - Processing file: test_card_data.csv
2025-01-03 12:07:57,658 - INFO - Reading file: test_card_data.csv
2025-01-03 12:07:57,660 - INFO - Starting validation with 15 records
2025-01-03 12:07:57,661 - WARNING - Invalid installment number 0.0 for installment payment
2025-01-03 12:07:57,664 - INFO - After basic validation: 10 records (removed 5 records)
2025-01-03 12:07:57,665 - INFO - 
=== Found 6 duplicate records ===
2025-01-03 12:07:57,666 - INFO - Found duplicates: 2024-01-20, Amount: 8800
2025-01-03 12:07:57,666 - INFO - Found duplicates: 2024-01-21, Amount: 5000
2025-01-03 12:07:57,666 - INFO - Found duplicates: 2024-01-25, Amount: 3000
2025-01-03 12:07:57,667 - INFO - Keeping all duplicates for special condition: コナミスポーツクラブ（会費）
2025-01-03 12:07:57,667 - INFO - Keeping all duplicates for special condition: コナミスポーツクラブ（会費）
2025-01-03 12:07:57,667 - INFO - Keeping all duplicates for special condition: id Shopping Mall
2025-01-03 12:07:57,667 - INFO - Keeping all duplicates for special condition: id Shopping Mall
2025-01-03 12:07:57,668 - INFO - Removing duplicate: 2024-01-25 - スーパーマーケット
2025-01-03 12:07:57,671 - INFO - Saved 1 removed records to /workspace/data/processed/removed_duplicates.csv
2025-01-03 12:07:57,671 - INFO - Duplicate processing completed: 9 records remaining
2025-01-03 12:07:57,671 - INFO - Cleaned data shape: (9, 7)
2025-01-03 12:07:57,673 - INFO - Successfully processed and saved: /workspace/data/processed/processed_test_card_data.csv
2025-01-03 12:07:57,673 - INFO - CSV conversion process completed successfully
