 2025-01-03 12:20:47,866 - INFO - Starting CSV conversion process. Log file: /workspace/logs/card_processing_20250103_122047.log
2025-01-03 12:20:47,866 - INFO - Directories verified - Input: /workspace/data/csv/card, Output: /workspace/data/processed
2025-01-03 12:20:47,866 - INFO - Found 2 CSV files to process
2025-01-03 12:20:47,867 - INFO - Processing file: Vpass_2024-01.csv
2025-01-03 12:20:47,868 - INFO - Reading file: Vpass_2024-01.csv
2025-01-03 12:20:47,870 - INFO - Starting validation with 83 records
2025-01-03 12:20:47,878 - INFO - After basic validation: 79 records (removed 4 records)
2025-01-03 12:20:47,879 - INFO - 
=== Found 4 duplicate records ===
2025-01-03 12:20:47,880 - INFO - Found duplicates: 2024-01-11, Amount: 7480, コナミスポーツクラブ（会費）
2025-01-03 12:20:47,880 - INFO - Found duplicates: 2024-01-27, Amount: 4300, ＡＰＰＬＥ　ＣＯＭ　ＢＩＬＬ
2025-01-03 12:20:47,882 - INFO - Keeping all duplicates for special condition: コナミスポーツクラブ（会費）
2025-01-03 12:20:47,882 - INFO - Keeping all duplicates for special condition: コナミスポーツクラブ（会費）
2025-01-03 12:20:47,885 - INFO - Removing duplicate: 2024-01-27 - ＡＰＰＬＥ　ＣＯＭ　ＢＩＬＬ
2025-01-03 12:20:47,891 - INFO - Saved 1 removed records to /workspace/data/processed/removed_duplicates.csv
2025-01-03 12:20:47,891 - INFO - Duplicate processing completed: 78 records remaining
2025-01-03 12:20:47,892 - INFO - Cleaned data shape: (78, 7)
2025-01-03 12:20:47,892 - INFO - Successfully processed and saved: /workspace/data/processed/processed_Vpass_2024-01.csv
2025-01-03 12:20:47,893 - INFO - Processing file: test_card_data.csv
2025-01-03 12:20:47,893 - INFO - Reading file: test_card_data.csv
2025-01-03 12:20:47,895 - INFO - Starting validation with 15 records
2025-01-03 12:20:47,897 - WARNING - Invalid installment number 0.0 for installment payment
2025-01-03 12:20:47,897 - INFO - After basic validation: 10 records (removed 5 records)
2025-01-03 12:20:47,898 - INFO - 
=== Found 6 duplicate records ===
2025-01-03 12:20:47,899 - INFO - Found duplicates: 2024-01-20, Amount: 8800, コナミスポーツクラブ（会費）
2025-01-03 12:20:47,899 - INFO - Found duplicates: 2024-01-21, Amount: 5000, id Shopping Mall
2025-01-03 12:20:47,899 - INFO - Found duplicates: 2024-01-25, Amount: 3000, スーパーマーケット
2025-01-03 12:20:47,900 - INFO - Keeping all duplicates for special condition: コナミスポーツクラブ（会費）
2025-01-03 12:20:47,900 - INFO - Keeping all duplicates for special condition: コナミスポーツクラブ（会費）
2025-01-03 12:20:47,900 - INFO - Keeping all duplicates for special condition: id Shopping Mall
2025-01-03 12:20:47,900 - INFO - Keeping all duplicates for special condition: id Shopping Mall
2025-01-03 12:20:47,901 - INFO - Removing duplicate: 2024-01-25 - スーパーマーケット
2025-01-03 12:20:47,903 - INFO - Saved 1 removed records to /workspace/data/processed/removed_duplicates.csv
2025-01-03 12:20:47,903 - INFO - Duplicate processing completed: 9 records remaining
2025-01-03 12:20:47,903 - INFO - Cleaned data shape: (9, 7)
2025-01-03 12:20:47,904 - INFO - Successfully processed and saved: /workspace/data/processed/processed_test_card_data.csv
2025-01-03 12:20:47,904 - INFO - CSV conversion process completed successfully
