2025-01-02 01:15:41,543 - INFO - Starting CSV conversion process. Log file: /workspace/logs/card_processing_20250102_011541.log
2025-01-02 01:15:41,544 - INFO - Directories verified - Input: /workspace/data/csv/card, Output: /workspace/data/processed
2025-01-02 01:15:41,544 - INFO - Found 2 CSV files to process
2025-01-02 01:15:41,544 - INFO - Processing file: Vpass_2024-01.csv
2025-01-02 01:15:41,546 - INFO - Reading file: Vpass_2024-01.csv
2025-01-02 01:15:41,548 - INFO - Starting validation with 83 records
2025-01-02 01:15:41,549 - INFO - Initial data sample:
2025-01-02 01:15:41,550 - INFO - 
  transaction_date   description amount inst_total inst_num  inst_amount memo
0       2024/01/01    アフラック（ＷＥＢ）   2345        NaN      NaN          NaN  NaN
1       2024/01/02           ニトリ   2189        NaN      NaN          NaN  NaN
2       2024/01/03    かつアンドかつ明石店   3336        NaN      NaN          NaN  NaN
3       2024/01/04  ＡＭＡＺＯＮ．ＣＯ．ＪＰ   7348        NaN      NaN          NaN  NaN
4       2024/01/04  ＡＭＡＺＯＮ．ＣＯ．ＪＰ   2007        NaN      NaN          NaN  NaN
2025-01-02 01:15:41,559 - INFO - After basic validation: 79 records (removed 4 records)
2025-01-02 01:15:41,559 - INFO - Date format standardized
2025-01-02 01:15:41,559 - INFO - Cleaned amount column
2025-01-02 01:15:41,560 - INFO - Cleaned inst_total column
2025-01-02 01:15:41,560 - INFO - Cleaned inst_amount column
2025-01-02 01:15:41,560 - INFO - Converted inst_num to numeric
2025-01-02 01:15:41,561 - INFO - 
=== Found 4 duplicate records ===
2025-01-02 01:15:41,561 - INFO - 
Duplicate set found:
2025-01-02 01:15:41,561 - INFO - Date: 2024-01-11, Amount: 7480
2025-01-02 01:15:41,561 - INFO - Description: コナミスポーツクラブ（会費）
2025-01-02 01:15:41,562 - INFO - Description: コナミスポーツクラブ（会費）
2025-01-02 01:15:41,562 - INFO - 
Duplicate set found:
2025-01-02 01:15:41,562 - INFO - Date: 2024-01-27, Amount: 4300
2025-01-02 01:15:41,562 - INFO - Description: ＡＰＰＬＥ　ＣＯＭ　ＢＩＬＬ
2025-01-02 01:15:41,562 - INFO - Description: ＡＰＰＬＥ　ＣＯＭ　ＢＩＬＬ
2025-01-02 01:15:41,564 - INFO - Keeping all duplicates for special condition: コナミスポーツクラブ（会費）
2025-01-02 01:15:41,564 - INFO - Keeping all duplicates for special condition: コナミスポーツクラブ（会費）
2025-01-02 01:15:41,569 - INFO - Removing duplicate: 2024-01-27 - ＡＰＰＬＥ　ＣＯＭ　ＢＩＬＬ
2025-01-02 01:15:41,575 - ERROR - Error processing Vpass_2024-01.csv: name 'csv_file' is not defined
Traceback (most recent call last):
  File "/workspace/src/convert_card_csv.py", line 295, in convert_card_csv_columns
    cleaned_df = clean_and_validate_data(selected_df)
  File "/workspace/src/convert_card_csv.py", line 233, in clean_and_validate_data
    save_removed_duplicates(removed_df, csv_file.name, output_dir)
                                        ^^^^^^^^
NameError: name 'csv_file' is not defined. Did you mean: 'log_file'?
2025-01-02 01:15:41,576 - INFO - Processing file: test_card_data.csv
2025-01-02 01:15:41,577 - INFO - Reading file: test_card_data.csv
2025-01-02 01:15:41,579 - INFO - Starting validation with 15 records
2025-01-02 01:15:41,579 - INFO - Initial data sample:
2025-01-02 01:15:41,581 - INFO - 
  transaction_date       description amount  inst_total  inst_num  inst_amount  memo
0       2024/01/15        セブンイレブン渋谷店   1200         0.0       0.0          0.0  テスト用
1       2024/01/15       ファミリーマート品川店    800         0.0       0.0          0.0  テスト用
2       2024/01/20    コナミスポーツクラブ（会費）   8800         0.0       0.0          0.0  テスト用
3       2024/01/20    コナミスポーツクラブ（会費）   8800         0.0       0.0          0.0  テスト用
4       2024/01/21  id Shopping Mall   5000         0.0       0.0          0.0  テスト用
2025-01-02 01:15:41,582 - WARNING - Invalid installment number 0.0 for installment payment
2025-01-02 01:15:41,582 - INFO - After basic validation: 10 records (removed 5 records)
2025-01-02 01:15:41,583 - INFO - Date format standardized
2025-01-02 01:15:41,583 - INFO - Cleaned amount column
2025-01-02 01:15:41,584 - INFO - Cleaned inst_total column
2025-01-02 01:15:41,584 - INFO - Cleaned inst_amount column
2025-01-02 01:15:41,584 - INFO - Converted inst_num to numeric
2025-01-02 01:15:41,584 - INFO - 
=== Found 6 duplicate records ===
2025-01-02 01:15:41,585 - INFO - 
Duplicate set found:
2025-01-02 01:15:41,585 - INFO - Date: 2024-01-20, Amount: 8800
2025-01-02 01:15:41,585 - INFO - Description: コナミスポーツクラブ（会費）
2025-01-02 01:15:41,585 - INFO - Description: コナミスポーツクラブ（会費）
2025-01-02 01:15:41,585 - INFO - 
Duplicate set found:
2025-01-02 01:15:41,585 - INFO - Date: 2024-01-21, Amount: 5000
2025-01-02 01:15:41,585 - INFO - Description: id Shopping Mall
2025-01-02 01:15:41,586 - INFO - Description: id Shopping Mall
2025-01-02 01:15:41,586 - INFO - 
Duplicate set found:
2025-01-02 01:15:41,586 - INFO - Date: 2024-01-25, Amount: 3000
2025-01-02 01:15:41,586 - INFO - Description: スーパーマーケット
2025-01-02 01:15:41,586 - INFO - Description: スーパーマーケット
2025-01-02 01:15:41,587 - INFO - Keeping all duplicates for special condition: コナミスポーツクラブ（会費）
2025-01-02 01:15:41,587 - INFO - Keeping all duplicates for special condition: コナミスポーツクラブ（会費）
2025-01-02 01:15:41,587 - INFO - Keeping all duplicates for special condition: id Shopping Mall
2025-01-02 01:15:41,587 - INFO - Keeping all duplicates for special condition: id Shopping Mall
2025-01-02 01:15:41,588 - INFO - Removing duplicate: 2024-01-25 - スーパーマーケット
2025-01-02 01:15:41,589 - ERROR - Error processing test_card_data.csv: name 'csv_file' is not defined
Traceback (most recent call last):
  File "/workspace/src/convert_card_csv.py", line 295, in convert_card_csv_columns
    cleaned_df = clean_and_validate_data(selected_df)
  File "/workspace/src/convert_card_csv.py", line 233, in clean_and_validate_data
    save_removed_duplicates(removed_df, csv_file.name, output_dir)
                                        ^^^^^^^^
NameError: name 'csv_file' is not defined. Did you mean: 'log_file'?
2025-01-02 01:15:41,589 - INFO - CSV conversion process completed successfully
