2025-01-03 11:54:54,489 - INFO - Starting CSV conversion process. Log file: /workspace/logs/card_processing_20250103_115454.log
2025-01-03 11:54:54,489 - INFO - Directories verified - Input: /workspace/data/csv/card, Output: /workspace/data/processed
2025-01-03 11:54:54,490 - INFO - Found 2 CSV files to process
2025-01-03 11:54:54,490 - INFO - Processing file: Vpass_2024-01.csv
2025-01-03 11:54:54,491 - INFO - Reading file: Vpass_2024-01.csv
2025-01-03 11:54:54,494 - INFO - Starting validation with 83 records
2025-01-03 11:54:54,494 - INFO - Initial data sample:
2025-01-03 11:54:54,495 - INFO - 
  transaction_date   description amount inst_total inst_num  inst_amount memo
0       2024/01/01    アフラック（ＷＥＢ）   2345        NaN      NaN          NaN  NaN
1       2024/01/02           ニトリ   2189        NaN      NaN          NaN  NaN
2       2024/01/03    かつアンドかつ明石店   3336        NaN      NaN          NaN  NaN
3       2024/01/04  ＡＭＡＺＯＮ．ＣＯ．ＪＰ   7348        NaN      NaN          NaN  NaN
4       2024/01/04  ＡＭＡＺＯＮ．ＣＯ．ＪＰ   2007        NaN      NaN          NaN  NaN
2025-01-03 11:54:54,503 - INFO - After basic validation: 79 records (removed 4 records)
2025-01-03 11:54:54,504 - INFO - Date format standardized
2025-01-03 11:54:54,504 - INFO - Cleaned amount column
2025-01-03 11:54:54,505 - INFO - Cleaned inst_total column
2025-01-03 11:54:54,505 - INFO - Cleaned inst_amount column
2025-01-03 11:54:54,505 - INFO - Converted inst_num to numeric
2025-01-03 11:54:54,505 - INFO - 
=== Found 4 duplicate records ===
2025-01-03 11:54:54,506 - INFO - 
Duplicate set found:
2025-01-03 11:54:54,506 - INFO - Date: 2024-01-11, Amount: 7480
2025-01-03 11:54:54,506 - INFO - Description: コナミスポーツクラブ（会費）
2025-01-03 11:54:54,507 - INFO - Description: コナミスポーツクラブ（会費）
2025-01-03 11:54:54,507 - INFO - 
Duplicate set found:
2025-01-03 11:54:54,507 - INFO - Date: 2024-01-27, Amount: 4300
2025-01-03 11:54:54,507 - INFO - Description: ＡＰＰＬＥ　ＣＯＭ　ＢＩＬＬ
2025-01-03 11:54:54,507 - INFO - Description: ＡＰＰＬＥ　ＣＯＭ　ＢＩＬＬ
2025-01-03 11:54:54,510 - INFO - Keeping all duplicates for special condition: コナミスポーツクラブ（会費）
2025-01-03 11:54:54,510 - INFO - Keeping all duplicates for special condition: コナミスポーツクラブ（会費）
2025-01-03 11:54:54,512 - INFO - Removing duplicate: 2024-01-27 - ＡＰＰＬＥ　ＣＯＭ　ＢＩＬＬ
2025-01-03 11:54:54,517 - INFO - Saving 1 removed records
2025-01-03 11:54:54,518 - INFO - 
=== Removed records Content ===
2025-01-03 11:54:54,518 - INFO - Number of records: 1
2025-01-03 11:54:54,519 - INFO - Records content:
   transaction_date     description  amount  inst_total  inst_num  inst_amount memo
35       2024-01-27  ＡＰＰＬＥ　ＣＯＭ　ＢＩＬＬ    4300         NaN       NaN          NaN  NaN
2025-01-03 11:54:54,522 - INFO - Saved 1 removed records to /workspace/data/processed/removed_duplicates.csv
2025-01-03 11:54:54,522 - INFO - 
=== Duplicate processing summary ===
2025-01-03 11:54:54,522 - INFO - Original records: 79
2025-01-03 11:54:54,522 - INFO - Records after duplicate removal: 78
2025-01-03 11:54:54,522 - INFO - Removed duplicates: 1
2025-01-03 11:54:54,522 - INFO - Cleaned data shape: (78, 7)
2025-01-03 11:54:54,523 - INFO - Successfully processed and saved: /workspace/data/processed/processed_Vpass_2024-01.csv
2025-01-03 11:54:54,523 - INFO - Processing file: test_card_data.csv
2025-01-03 11:54:54,523 - INFO - Reading file: test_card_data.csv
2025-01-03 11:54:54,525 - INFO - Starting validation with 15 records
2025-01-03 11:54:54,525 - INFO - Initial data sample:
2025-01-03 11:54:54,527 - INFO - 
  transaction_date       description amount  inst_total  inst_num  inst_amount  memo
0       2024/01/15        セブンイレブン渋谷店   1200         0.0       0.0          0.0  テスト用
1       2024/01/15       ファミリーマート品川店    800         0.0       0.0          0.0  テスト用
2       2024/01/20    コナミスポーツクラブ（会費）   8800         0.0       0.0          0.0  テスト用
3       2024/01/20    コナミスポーツクラブ（会費）   8800         0.0       0.0          0.0  テスト用
4       2024/01/21  id Shopping Mall   5000         0.0       0.0          0.0  テスト用
2025-01-03 11:54:54,529 - WARNING - Invalid installment number 0.0 for installment payment
2025-01-03 11:54:54,529 - INFO - After basic validation: 10 records (removed 5 records)
2025-01-03 11:54:54,530 - INFO - Date format standardized
2025-01-03 11:54:54,530 - INFO - Cleaned amount column
2025-01-03 11:54:54,531 - INFO - Cleaned inst_total column
2025-01-03 11:54:54,531 - INFO - Cleaned inst_amount column
2025-01-03 11:54:54,531 - INFO - Converted inst_num to numeric
2025-01-03 11:54:54,531 - INFO - 
=== Found 6 duplicate records ===
2025-01-03 11:54:54,531 - INFO - 
Duplicate set found:
2025-01-03 11:54:54,532 - INFO - Date: 2024-01-20, Amount: 8800
2025-01-03 11:54:54,532 - INFO - Description: コナミスポーツクラブ（会費）
2025-01-03 11:54:54,532 - INFO - Description: コナミスポーツクラブ（会費）
2025-01-03 11:54:54,532 - INFO - 
Duplicate set found:
2025-01-03 11:54:54,532 - INFO - Date: 2024-01-21, Amount: 5000
2025-01-03 11:54:54,532 - INFO - Description: id Shopping Mall
2025-01-03 11:54:54,532 - INFO - Description: id Shopping Mall
2025-01-03 11:54:54,532 - INFO - 
Duplicate set found:
2025-01-03 11:54:54,532 - INFO - Date: 2024-01-25, Amount: 3000
2025-01-03 11:54:54,532 - INFO - Description: スーパーマーケット
2025-01-03 11:54:54,532 - INFO - Description: スーパーマーケット
2025-01-03 11:54:54,533 - INFO - Keeping all duplicates for special condition: コナミスポーツクラブ（会費）
2025-01-03 11:54:54,534 - INFO - Keeping all duplicates for special condition: コナミスポーツクラブ（会費）
2025-01-03 11:54:54,534 - INFO - Keeping all duplicates for special condition: id Shopping Mall
2025-01-03 11:54:54,534 - INFO - Keeping all duplicates for special condition: id Shopping Mall
2025-01-03 11:54:54,534 - INFO - Removing duplicate: 2024-01-25 - スーパーマーケット
2025-01-03 11:54:54,535 - INFO - Saving 1 removed records
2025-01-03 11:54:54,535 - INFO - 
=== Removed records Content ===
2025-01-03 11:54:54,535 - INFO - Number of records: 1
2025-01-03 11:54:54,537 - INFO - Records content:
  transaction_date description  amount  inst_total  inst_num  inst_amount  memo
7       2024-01-25   スーパーマーケット    3000         0.0       0.0          0.0  テスト用
2025-01-03 11:54:54,539 - INFO - Saved 1 removed records to /workspace/data/processed/removed_duplicates.csv
2025-01-03 11:54:54,539 - INFO - 
=== Duplicate processing summary ===
2025-01-03 11:54:54,539 - INFO - Original records: 10
2025-01-03 11:54:54,539 - INFO - Records after duplicate removal: 9
2025-01-03 11:54:54,539 - INFO - Removed duplicates: 1
2025-01-03 11:54:54,539 - INFO - Cleaned data shape: (9, 7)
2025-01-03 11:54:54,540 - INFO - Successfully processed and saved: /workspace/data/processed/processed_test_card_data.csv
2025-01-03 11:54:54,540 - INFO - CSV conversion process completed successfully
