2025-01-04 01:43:40,571 - INFO - Starting CSV conversion process. Log file: /workspace/logs/card_processing_20250104_014340.log
2025-01-04 01:43:40,571 - INFO - Directories verified - Input: /workspace/data/csv/card, Output: /workspace/data/processed
2025-01-04 01:43:40,571 - INFO - Found 2 CSV files to process
2025-01-04 01:43:40,572 - INFO - Processing file: Vpass_2024-01.csv
2025-01-04 01:43:40,573 - INFO - Reading file: Vpass_2024-01.csv
2025-01-04 01:43:40,575 - INFO - Starting validation with 83 records
2025-01-04 01:43:40,583 - INFO - After basic validation: 79 records (removed 4 records)
2025-01-04 01:43:40,584 - INFO - 
=== Found 4 duplicate records ===
2025-01-04 01:43:40,584 - INFO - Found duplicates: 2024-01-11, Amount: 7480, コナミスポーツクラブ（会費）
2025-01-04 01:43:40,584 - INFO - Found duplicates: 2024-01-27, Amount: 4300, ＡＰＰＬＥ　ＣＯＭ　ＢＩＬＬ
2025-01-04 01:43:40,586 - INFO - Keeping all duplicates for special condition: コナミスポーツクラブ（会費）
2025-01-04 01:43:40,586 - INFO - Keeping all duplicates for special condition: コナミスポーツクラブ（会費）
2025-01-04 01:43:40,588 - INFO - Removing duplicate: 2024-01-27 - ＡＰＰＬＥ　ＣＯＭ　ＢＩＬＬ
2025-01-04 01:43:40,594 - INFO - Saved 1 removed records to /workspace/data/processed/removed_duplicates.csv
2025-01-04 01:43:40,594 - INFO - Duplicate processing completed: 78 records remaining
2025-01-04 01:43:40,594 - INFO - Cleaned data shape: (78, 7)
2025-01-04 01:43:40,595 - INFO - Successfully processed and saved: /workspace/data/processed/processed_Vpass_2024-01.csv
2025-01-04 01:43:40,595 - INFO - Processing file: test_card_data.csv
2025-01-04 01:43:40,596 - INFO - Reading file: test_card_data.csv
2025-01-04 01:43:40,598 - INFO - Starting validation with 15 records
2025-01-04 01:43:40,599 - WARNING - Invalid installment number 0.0 for installment payment
2025-01-04 01:43:40,600 - INFO - After basic validation: 10 records (removed 5 records)
2025-01-04 01:43:40,601 - INFO - 
=== Found 6 duplicate records ===
2025-01-04 01:43:40,601 - INFO - Found duplicates: 2024-01-20, Amount: 8800, コナミスポーツクラブ（会費）
2025-01-04 01:43:40,602 - INFO - Found duplicates: 2024-01-21, Amount: 5000, id Shopping Mall
2025-01-04 01:43:40,602 - INFO - Found duplicates: 2024-01-25, Amount: 3000, スーパーマーケット
2025-01-04 01:43:40,602 - INFO - Keeping all duplicates for special condition: コナミスポーツクラブ（会費）
2025-01-04 01:43:40,602 - INFO - Keeping all duplicates for special condition: コナミスポーツクラブ（会費）
2025-01-04 01:43:40,602 - INFO - Keeping all duplicates for special condition: id Shopping Mall
2025-01-04 01:43:40,602 - INFO - Keeping all duplicates for special condition: id Shopping Mall
2025-01-04 01:43:40,603 - INFO - Removing duplicate: 2024-01-25 - スーパーマーケット
2025-01-04 01:43:40,605 - INFO - Saved 1 removed records to /workspace/data/processed/removed_duplicates.csv
2025-01-04 01:43:40,606 - INFO - Duplicate processing completed: 9 records remaining
2025-01-04 01:43:40,606 - INFO - Cleaned data shape: (9, 7)
2025-01-04 01:43:40,607 - INFO - Successfully processed and saved: /workspace/data/processed/processed_test_card_data.csv
2025-01-04 01:43:40,607 - INFO - CSV conversion process completed successfully
