2025-01-03 12:15:00,956 - INFO - Starting CSV conversion process. Log file: /workspace/logs/card_processing_20250103_121500.log
2025-01-03 12:15:00,957 - INFO - Directories verified - Input: /workspace/data/csv/card, Output: /workspace/data/processed
2025-01-03 12:15:00,957 - INFO - Found 2 CSV files to process
2025-01-03 12:15:00,957 - INFO - Processing file: Vpass_2024-01.csv
2025-01-03 12:15:00,958 - INFO - Reading file: Vpass_2024-01.csv
2025-01-03 12:15:00,960 - INFO - Starting validation with 83 records
2025-01-03 12:15:00,968 - INFO - After basic validation: 79 records (removed 4 records)
2025-01-03 12:15:00,969 - INFO - 
=== Found 4 duplicate records ===
2025-01-03 12:15:00,970 - INFO - Found duplicates: 2024-01-11, Amount: 7480
2025-01-03 12:15:00,970 - INFO - Descriptions: コナミスポーツクラブ（会費） | コナミスポーツクラブ（会費）
2025-01-03 12:15:00,970 - INFO - Found duplicates: 2024-01-27, Amount: 4300
2025-01-03 12:15:00,970 - INFO - Descriptions: ＡＰＰＬＥ　ＣＯＭ　ＢＩＬＬ | ＡＰＰＬＥ　ＣＯＭ　ＢＩＬＬ
2025-01-03 12:15:00,972 - INFO - Keeping all duplicates for special condition: コナミスポーツクラブ（会費）
2025-01-03 12:15:00,972 - INFO - Keeping all duplicates for special condition: コナミスポーツクラブ（会費）
2025-01-03 12:15:00,974 - INFO - Removing duplicate: 2024-01-27 - ＡＰＰＬＥ　ＣＯＭ　ＢＩＬＬ
2025-01-03 12:15:00,981 - INFO - Saved 1 removed records to /workspace/data/processed/removed_duplicates.csv
2025-01-03 12:15:00,981 - INFO - Duplicate processing completed: 78 records remaining
2025-01-03 12:15:00,981 - INFO - Cleaned data shape: (78, 7)
2025-01-03 12:15:00,982 - INFO - Successfully processed and saved: /workspace/data/processed/processed_Vpass_2024-01.csv
2025-01-03 12:15:00,982 - INFO - Processing file: test_card_data.csv
2025-01-03 12:15:00,983 - INFO - Reading file: test_card_data.csv
2025-01-03 12:15:00,985 - INFO - Starting validation with 15 records
2025-01-03 12:15:00,987 - WARNING - Invalid installment number 0.0 for installment payment
2025-01-03 12:15:00,987 - INFO - After basic validation: 10 records (removed 5 records)
2025-01-03 12:15:00,988 - INFO - 
=== Found 6 duplicate records ===
2025-01-03 12:15:00,989 - INFO - Found duplicates: 2024-01-20, Amount: 8800
2025-01-03 12:15:00,989 - INFO - Descriptions: コナミスポーツクラブ（会費） | コナミスポーツクラブ（会費）
2025-01-03 12:15:00,989 - INFO - Found duplicates: 2024-01-21, Amount: 5000
2025-01-03 12:15:00,989 - INFO - Descriptions: id Shopping Mall | id Shopping Mall
2025-01-03 12:15:00,989 - INFO - Found duplicates: 2024-01-25, Amount: 3000
2025-01-03 12:15:00,989 - INFO - Descriptions: スーパーマーケット | スーパーマーケット
2025-01-03 12:15:00,990 - INFO - Keeping all duplicates for special condition: コナミスポーツクラブ（会費）
2025-01-03 12:15:00,990 - INFO - Keeping all duplicates for special condition: コナミスポーツクラブ（会費）
2025-01-03 12:15:00,990 - INFO - Keeping all duplicates for special condition: id Shopping Mall
2025-01-03 12:15:00,990 - INFO - Keeping all duplicates for special condition: id Shopping Mall
2025-01-03 12:15:00,991 - INFO - Removing duplicate: 2024-01-25 - スーパーマーケット
2025-01-03 12:15:00,993 - INFO - Saved 1 removed records to /workspace/data/processed/removed_duplicates.csv
2025-01-03 12:15:00,993 - INFO - Duplicate processing completed: 9 records remaining
2025-01-03 12:15:00,993 - INFO - Cleaned data shape: (9, 7)
2025-01-03 12:15:00,994 - INFO - Successfully processed and saved: /workspace/data/processed/processed_test_card_data.csv
2025-01-03 12:15:00,994 - INFO - CSV conversion process completed successfully
